<?xml version="1.0" encoding="UTF-8"?>
<!-- Generated by org.testng.reporters.JUnitXMLReporter -->
<testsuite ignored="0" hostname="DESKTOP-8VVGM8J" failures="0" tests="6" name="Default test" time="11.153" errors="0" timestamp="2023-12-10T09:00:38 IST">
  <testcase classname="api.test.DDTests" name="testPostUser" time="2.916"/>
  <testcase classname="api.test.DDTests" name="testPostUser" time="1.278"/>
  <testcase classname="api.test.DDTests" name="testPostUser" time="1.266"/>
  <testcase classname="api.test.DDTests" name="testDeleteUserByName" time="1.322"/>
  <testcase classname="api.test.DDTests" name="testDeleteUserByName" time="1.227"/>
  <testcase classname="api.test.DDTests" name="testDeleteUserByName" time="1.189"/>
</testsuite> <!-- Default test -->
