<?xml version="1.0" encoding="UTF-8"?>
<!-- Generated by org.testng.reporters.JUnitXMLReporter -->
<testsuite ignored="0" hostname="DESKTOP-8VVGM8J" failures="0" tests="4" name="PetTests" time="9.197" errors="0" timestamp="2023-12-11T09:29:13 IST">
  <testcase classname="api.test.UserTests" name="testPostUser" time="3.307"/>
  <testcase classname="api.test.UserTests" name="testGetUserByName" time="1.413"/>
  <testcase classname="api.test.UserTests" name="testUpdateUserByName" time="2.714"/>
  <testcase classname="api.test.UserTests" name="testDeleteUserByName" time="1.29"/>
</testsuite> <!-- PetTests -->
